Performing C SOURCE FILE Test CMAKE_HAVE_LIBC_PTHREAD failed with the following output:
Change Dir: /home/qian_qing/my_projects/privacyPreservingLocationProximity/abyDGKBFV/aby/build/CMakeFiles/CMakeTmp

Run Build Command(s):/usr/bin/make cmTC_0d62a/fast && /usr/bin/make -f CMakeFiles/cmTC_0d62a.dir/build.make CMakeFiles/cmTC_0d62a.dir/build
make[1]: Entering directory '/home/qian_qing/my_projects/privacyPreservingLocationProximity/abyDGKBFV/aby/build/CMakeFiles/CMakeTmp'
Building C object CMakeFiles/cmTC_0d62a.dir/src.c.o
/usr/bin/gcc   -DCMAKE_HAVE_LIBC_PTHREAD   -o CMakeFiles/cmTC_0d62a.dir/src.c.o   -c /home/qian_qing/my_projects/privacyPreservingLocationProximity/abyDGKBFV/aby/build/CMakeFiles/CMakeTmp/src.c
Linking C executable cmTC_0d62a
/usr/bin/cmake -E cmake_link_script CMakeFiles/cmTC_0d62a.dir/link.txt --verbose=1
/usr/bin/gcc  -DCMAKE_HAVE_LIBC_PTHREAD  -static  CMakeFiles/cmTC_0d62a.dir/src.c.o  -o cmTC_0d62a 
/usr/bin/ld: CMakeFiles/cmTC_0d62a.dir/src.c.o: in function `main':
src.c:(.text+0x46): undefined reference to `pthread_create'
/usr/bin/ld: src.c:(.text+0x52): undefined reference to `pthread_detach'
/usr/bin/ld: src.c:(.text+0x63): undefined reference to `pthread_join'
/usr/bin/ld: src.c:(.text+0x81): undefined reference to `pthread_exit'
collect2: error: ld returned 1 exit status
make[1]: *** [CMakeFiles/cmTC_0d62a.dir/build.make:87: cmTC_0d62a] Error 1
make[1]: Leaving directory '/home/qian_qing/my_projects/privacyPreservingLocationProximity/abyDGKBFV/aby/build/CMakeFiles/CMakeTmp'
make: *** [Makefile:121: cmTC_0d62a/fast] Error 2


Source file was:
#include <pthread.h>

void* test_func(void* data)
{
  return data;
}

int main(void)
{
  pthread_t thread;
  pthread_create(&thread, NULL, test_func, NULL);
  pthread_detach(thread);
  pthread_join(thread, NULL);
  pthread_atfork(NULL, NULL, NULL);
  pthread_exit(NULL);

  return 0;
}

Determining if the function pthread_create exists in the pthreads failed with the following output:
Change Dir: /home/qian_qing/my_projects/privacyPreservingLocationProximity/abyDGKBFV/aby/build/CMakeFiles/CMakeTmp

Run Build Command(s):/usr/bin/make cmTC_2091a/fast && /usr/bin/make -f CMakeFiles/cmTC_2091a.dir/build.make CMakeFiles/cmTC_2091a.dir/build
make[1]: Entering directory '/home/qian_qing/my_projects/privacyPreservingLocationProximity/abyDGKBFV/aby/build/CMakeFiles/CMakeTmp'
Building C object CMakeFiles/cmTC_2091a.dir/CheckFunctionExists.c.o
/usr/bin/gcc   -DCHECK_FUNCTION_EXISTS=pthread_create   -o CMakeFiles/cmTC_2091a.dir/CheckFunctionExists.c.o   -c /usr/share/cmake-3.16/Modules/CheckFunctionExists.c
Linking C executable cmTC_2091a
/usr/bin/cmake -E cmake_link_script CMakeFiles/cmTC_2091a.dir/link.txt --verbose=1
/usr/bin/gcc  -DCHECK_FUNCTION_EXISTS=pthread_create  -static  CMakeFiles/cmTC_2091a.dir/CheckFunctionExists.c.o  -o cmTC_2091a  -lpthreads 
/usr/bin/ld: cannot find -lpthreads
collect2: error: ld returned 1 exit status
make[1]: *** [CMakeFiles/cmTC_2091a.dir/build.make:87: cmTC_2091a] Error 1
make[1]: Leaving directory '/home/qian_qing/my_projects/privacyPreservingLocationProximity/abyDGKBFV/aby/build/CMakeFiles/CMakeTmp'
make: *** [Makefile:121: cmTC_2091a/fast] Error 2



